<?xml version="1.0" encoding="UTF-8"?>
<!-- Generated by org.testng.reporters.JUnitReportReporter -->
<testsuite skipped="0" hostname="CSPLLT654" name="com.test.SynchTest" tests="1" failures="0" timestamp="21 May 2018 17:10:03 GMT" time="2.185" errors="0">
  <testcase name="firstTest" time="2.185" classname="com.test.SynchTest"/>
</testsuite> <!-- com.test.SynchTest -->
