<?xml version="1.0" encoding="UTF-8"?>
<!-- Generated by org.testng.reporters.JUnitReportReporter -->
<testsuite skipped="0" hostname="CSPLLT654" name="com.test.LoginTest" tests="2" failures="0" timestamp="24 May 2018 07:06:32 GMT" time="15.075" errors="0">
  <testcase name="firstTest" time="13.791" classname="com.test.LoginTest"/>
  <testcase name="logoutTest" time="1.284" classname="com.test.LoginTest"/>
</testsuite> <!-- com.test.LoginTest -->
