<?xml version="1.0" encoding="UTF-8"?>
<!-- Generated by org.testng.reporters.JUnitReportReporter -->
<testsuite skipped="0" hostname="CSPLLT654" name="com.test.LoginTest" tests="2" failures="0" timestamp="23 May 2018 09:36:13 GMT" time="15.574" errors="0">
  <testcase name="firstTest" time="15.079" classname="com.test.LoginTest"/>
  <testcase name="logoutTest" time="0.495" classname="com.test.LoginTest"/>
</testsuite> <!-- com.test.LoginTest -->
